2018-04-05 10:08:12,652 - Column 'order_status' cannot be null
2018-04-05 10:08:12,655 - HHH000346: Error during managed flush [org.hibernate.exception.ConstraintViolationException: could not execute statement]
2018-04-05 14:40:13,141 - [Cancel orders] Order status is incorrect and cannot be cancelled, orderId=1522887685034642470, orderStatus=2
2018-04-05 15:00:36,130 - [Finish the order] , order cannot be finished due to incorrect status. orderId=1522887685034642470, orderStatus=2
2018-04-05 15:01:12,403 - [Finish the order] , order cannot be finished due to incorrect status. orderId=1522887685034642470, orderStatus=2
2018-04-05 15:01:52,400 - [Finish the order] , order cannot be finished due to incorrect status. orderId=1522887685034642470, orderStatus=2
2018-04-05 15:03:43,639 - [Finish the order] , order cannot be finished due to incorrect status. orderId=1522887685034642470, orderStatus=2
2018-04-05 15:24:08,491 - [Pay the order] , order cannot be paid due to incorrect status. orderId=1522887685034642470, orderStatus=1
2018-04-05 15:25:03,669 - [Pay the order] , the pay status is incorrect, orderDTO=OrderDTO(orderId=1522887685034642470, buyerName=Tony Yao, buyerPhone=15039485848, buyerAddress=SouthBank, buyerOpenid=1101110, orderAmount=50.00, orderStatus=0, payStatus=0, createTime=2018-04-05 10:21:25.0, updateTime=2018-04-05 15:24:45.0, orderDetailList=[OrderDetail(detailId=1522887685136208058, orderId=1522887685034642470, productId=1235, productName=Chicken Pizza, productPrice=5.00, productQuantity=10, productIcon=yyyyy.jpg)])
2018-04-05 15:29:08,511 - [Pay the order] , the pay status is incorrect, orderDTO=OrderDTO(orderId=1522887685034642470, buyerName=Tony Yao, buyerPhone=15039485848, buyerAddress=SouthBank, buyerOpenid=1101110, orderAmount=50.00, orderStatus=0, payStatus=0, createTime=2018-04-05 10:21:25.0, updateTime=2018-04-05 15:24:45.0, orderDetailList=[OrderDetail(detailId=1522887685136208058, orderId=1522887685034642470, productId=1235, productName=Chicken Pizza, productPrice=5.00, productQuantity=10, productIcon=yyyyy.jpg)])
2018-04-05 15:30:03,552 - [Pay the order] , the pay status is incorrect, orderDTO=OrderDTO(orderId=1522887685034642470, buyerName=Tony Yao, buyerPhone=15039485848, buyerAddress=SouthBank, buyerOpenid=1101110, orderAmount=50.00, orderStatus=0, payStatus=1, createTime=2018-04-05 10:21:25.0, updateTime=2018-04-05 15:29:36.0, orderDetailList=[OrderDetail(detailId=1522887685136208058, orderId=1522887685034642470, productId=1235, productName=Chicken Pizza, productPrice=5.00, productQuantity=10, productIcon=yyyyy.jpg)])
2018-04-05 18:33:24,845 - [Cancel orders] There is no order exists, orderDTO=OrderDTO(orderId=1522911643222215373, buyerName="May", buyerPhone="18868822111", buyerAddress="Hangzhou", buyerOpenid="ew3euwhd7sjw9diwkq", orderAmount=7.00, orderStatus=2, payStatus=0, createTime=2018-04-05 17:00:43.0, updateTime=2018-04-05 17:00:43.0, orderDetailList=[])
2018-04-05 18:33:24,895 - Servlet.service() for servlet [dispatcherServlet] in context with path [] threw exception [Request processing failed; nested exception is com.tony.exception.SellException: There is not order detail info found.] with root cause
com.tony.exception.SellException: There is not order detail info found.
	at com.tony.service.Impl.OrderServiceImpl.cancel(OrderServiceImpl.java:135)
	at com.tony.service.Impl.OrderServiceImpl$$FastClassBySpringCGLIB$$eab02f01.invoke(<generated>)
	at org.springframework.cglib.proxy.MethodProxy.invoke(MethodProxy.java:204)
	at org.springframework.aop.framework.CglibAopProxy$CglibMethodInvocation.invokeJoinpoint(CglibAopProxy.java:747)
	at org.springframework.aop.framework.ReflectiveMethodInvocation.proceed(ReflectiveMethodInvocation.java:163)
	at org.springframework.transaction.interceptor.TransactionAspectSupport.invokeWithinTransaction(TransactionAspectSupport.java:294)
	at org.springframework.transaction.interceptor.TransactionInterceptor.invoke(TransactionInterceptor.java:98)
	at org.springframework.aop.framework.ReflectiveMethodInvocation.proceed(ReflectiveMethodInvocation.java:185)
	at org.springframework.aop.framework.CglibAopProxy$DynamicAdvisedInterceptor.intercept(CglibAopProxy.java:689)
	at com.tony.service.Impl.OrderServiceImpl$$EnhancerBySpringCGLIB$$68115890.cancel(<generated>)
	at com.tony.controller.BuyerOrderController.cancel(BuyerOrderController.java:75)
	at sun.reflect.NativeMethodAccessorImpl.invoke0(Native Method)
	at sun.reflect.NativeMethodAccessorImpl.invoke(NativeMethodAccessorImpl.java:62)
	at sun.reflect.DelegatingMethodAccessorImpl.invoke(DelegatingMethodAccessorImpl.java:43)
	at java.lang.reflect.Method.invoke(Method.java:498)
	at org.springframework.web.method.support.InvocableHandlerMethod.doInvoke(InvocableHandlerMethod.java:209)
	at org.springframework.web.method.support.InvocableHandlerMethod.invokeForRequest(InvocableHandlerMethod.java:136)
	at org.springframework.web.servlet.mvc.method.annotation.ServletInvocableHandlerMethod.invokeAndHandle(ServletInvocableHandlerMethod.java:102)
	at org.springframework.web.servlet.mvc.method.annotation.RequestMappingHandlerAdapter.invokeHandlerMethod(RequestMappingHandlerAdapter.java:870)
	at org.springframework.web.servlet.mvc.method.annotation.RequestMappingHandlerAdapter.handleInternal(RequestMappingHandlerAdapter.java:776)
	at org.springframework.web.servlet.mvc.method.AbstractHandlerMethodAdapter.handle(AbstractHandlerMethodAdapter.java:87)
	at org.springframework.web.servlet.DispatcherServlet.doDispatch(DispatcherServlet.java:991)
	at org.springframework.web.servlet.DispatcherServlet.doService(DispatcherServlet.java:925)
	at org.springframework.web.servlet.FrameworkServlet.processRequest(FrameworkServlet.java:978)
	at org.springframework.web.servlet.FrameworkServlet.doPost(FrameworkServlet.java:881)
	at javax.servlet.http.HttpServlet.service(HttpServlet.java:661)
	at org.springframework.web.servlet.FrameworkServlet.service(FrameworkServlet.java:855)
	at javax.servlet.http.HttpServlet.service(HttpServlet.java:742)
	at org.apache.catalina.core.ApplicationFilterChain.internalDoFilter(ApplicationFilterChain.java:231)
	at org.apache.catalina.core.ApplicationFilterChain.doFilter(ApplicationFilterChain.java:166)
	at org.apache.tomcat.websocket.server.WsFilter.doFilter(WsFilter.java:52)
	at org.apache.catalina.core.ApplicationFilterChain.internalDoFilter(ApplicationFilterChain.java:193)
	at org.apache.catalina.core.ApplicationFilterChain.doFilter(ApplicationFilterChain.java:166)
	at org.springframework.web.filter.RequestContextFilter.doFilterInternal(RequestContextFilter.java:99)
	at org.springframework.web.filter.OncePerRequestFilter.doFilter(OncePerRequestFilter.java:107)
	at org.apache.catalina.core.ApplicationFilterChain.internalDoFilter(ApplicationFilterChain.java:193)
	at org.apache.catalina.core.ApplicationFilterChain.doFilter(ApplicationFilterChain.java:166)
	at org.springframework.web.filter.HttpPutFormContentFilter.doFilterInternal(HttpPutFormContentFilter.java:109)
	at org.springframework.web.filter.OncePerRequestFilter.doFilter(OncePerRequestFilter.java:107)
	at org.apache.catalina.core.ApplicationFilterChain.internalDoFilter(ApplicationFilterChain.java:193)
	at org.apache.catalina.core.ApplicationFilterChain.doFilter(ApplicationFilterChain.java:166)
	at org.springframework.web.filter.HiddenHttpMethodFilter.doFilterInternal(HiddenHttpMethodFilter.java:81)
	at org.springframework.web.filter.OncePerRequestFilter.doFilter(OncePerRequestFilter.java:107)
	at org.apache.catalina.core.ApplicationFilterChain.internalDoFilter(ApplicationFilterChain.java:193)
	at org.apache.catalina.core.ApplicationFilterChain.doFilter(ApplicationFilterChain.java:166)
	at org.springframework.web.filter.CharacterEncodingFilter.doFilterInternal(CharacterEncodingFilter.java:200)
	at org.springframework.web.filter.OncePerRequestFilter.doFilter(OncePerRequestFilter.java:107)
	at org.apache.catalina.core.ApplicationFilterChain.internalDoFilter(ApplicationFilterChain.java:193)
	at org.apache.catalina.core.ApplicationFilterChain.doFilter(ApplicationFilterChain.java:166)
	at org.apache.catalina.core.StandardWrapperValve.invoke(StandardWrapperValve.java:199)
	at org.apache.catalina.core.StandardContextValve.invoke(StandardContextValve.java:96)
	at org.apache.catalina.authenticator.AuthenticatorBase.invoke(AuthenticatorBase.java:496)
	at org.apache.catalina.core.StandardHostValve.invoke(StandardHostValve.java:140)
	at org.apache.catalina.valves.ErrorReportValve.invoke(ErrorReportValve.java:81)
	at org.apache.catalina.core.StandardEngineValve.invoke(StandardEngineValve.java:87)
	at org.apache.catalina.connector.CoyoteAdapter.service(CoyoteAdapter.java:342)
	at org.apache.coyote.http11.Http11Processor.service(Http11Processor.java:803)
	at org.apache.coyote.AbstractProcessorLight.process(AbstractProcessorLight.java:66)
	at org.apache.coyote.AbstractProtocol$ConnectionHandler.process(AbstractProtocol.java:790)
	at org.apache.tomcat.util.net.NioEndpoint$SocketProcessor.doRun(NioEndpoint.java:1459)
	at org.apache.tomcat.util.net.SocketProcessorBase.run(SocketProcessorBase.java:49)
	at java.util.concurrent.ThreadPoolExecutor.runWorker(ThreadPoolExecutor.java:1142)
	at java.util.concurrent.ThreadPoolExecutor$Worker.run(ThreadPoolExecutor.java:617)
	at org.apache.tomcat.util.threads.TaskThread$WrappingRunnable.run(TaskThread.java:61)
	at java.lang.Thread.run(Thread.java:745)
